<?xml version="1.0" encoding="UTF-8"?>
<testng-results ignored="0" total="2" passed="2" failed="0" skipped="0">
  <reporter-output>
  </reporter-output>
  <suite started-at="2022-12-20T18:06:05 PST" name="Surefire suite" finished-at="2022-12-20T18:06:42 PST" duration-ms="36436">
    <groups>
      <group name="cucumber">
        <method signature="AbstractTestNGCucumberTests.feature(cucumber.api.testng.CucumberFeatureWrapper)[pri:0, instance:TestRunnerDec16.Testrunnerdec16@4bb33f74]" name="feature" class="cucumber.api.testng.AbstractTestNGCucumberTests"/>
      </group> <!-- cucumber -->
    </groups>
    <test started-at="2022-12-20T18:06:05 PST" name="Surefire test" finished-at="2022-12-20T18:06:42 PST" duration-ms="36436">
      <class name="TestRunnerDec16.Testrunnerdec16">
        <test-method is-config="true" signature="metasetup()[pri:0, instance:TestRunnerDec16.Testrunnerdec16@4bb33f74]" started-at="2022-12-20T18:06:05 PST" name="metasetup" finished-at="2022-12-20T18:06:13 PST" duration-ms="7602" status="PASS">
          <reporter-output>
          </reporter-output>
        </test-method> <!-- metasetup -->
        <test-method is-config="true" signature="setUpClass()[pri:0, instance:TestRunnerDec16.Testrunnerdec16@4bb33f74]" started-at="2022-12-20T18:06:13 PST" name="setUpClass" finished-at="2022-12-20T18:06:13 PST" duration-ms="353" status="PASS">
          <reporter-output>
          </reporter-output>
        </test-method> <!-- setUpClass -->
        <test-method signature="feature(cucumber.api.testng.CucumberFeatureWrapper)[pri:0, instance:TestRunnerDec16.Testrunnerdec16@4bb33f74]" started-at="2022-12-20T18:06:13 PST" name="feature" description="Runs Cucumber Feature" data-provider="features" finished-at="2022-12-20T18:06:28 PST" duration-ms="14537" status="PASS">
          <params>
            <param index="0">
              <value>
                <![CDATA[This feature is for login functionality]]>
              </value>
            </param>
          </params>
          <reporter-output>
          </reporter-output>
        </test-method> <!-- feature -->
        <test-method signature="feature(cucumber.api.testng.CucumberFeatureWrapper)[pri:0, instance:TestRunnerDec16.Testrunnerdec16@4bb33f74]" started-at="2022-12-20T18:06:28 PST" name="feature" description="Runs Cucumber Feature" data-provider="features" finished-at="2022-12-20T18:06:41 PST" duration-ms="13094" status="PASS">
          <params>
            <param index="0">
              <value>
                <![CDATA[This feature is to test cart functionality]]>
              </value>
            </param>
          </params>
          <reporter-output>
          </reporter-output>
        </test-method> <!-- feature -->
        <test-method is-config="true" signature="tearDownClass()[pri:0, instance:TestRunnerDec16.Testrunnerdec16@4bb33f74]" started-at="2022-12-20T18:06:41 PST" name="tearDownClass" finished-at="2022-12-20T18:06:41 PST" duration-ms="11" status="PASS">
          <reporter-output>
          </reporter-output>
        </test-method> <!-- tearDownClass -->
        <test-method is-config="true" signature="metaCloseURL()[pri:0, instance:TestRunnerDec16.Testrunnerdec16@4bb33f74]" started-at="2022-12-20T18:06:41 PST" name="metaCloseURL" finished-at="2022-12-20T18:06:42 PST" duration-ms="416" status="PASS">
          <reporter-output>
          </reporter-output>
        </test-method> <!-- metaCloseURL -->
      </class> <!-- TestRunnerDec16.Testrunnerdec16 -->
    </test> <!-- Surefire test -->
  </suite> <!-- Surefire suite -->
</testng-results>
